Configuring system-fileio-0.3.16.3...
Preprocessing library for system-fileio-0.3.16.3..
Building library for system-fileio-0.3.16.3..
[1 of 1] Compiling Filesystem       ( lib/Filesystem.hs, .stack-work/dist/x86_64-linux/Cabal-2.0.1.0/build/Filesystem.o )

[;1mlib/Filesystem.hs:19:1: [;1m[35mwarning:[0m[0m[;1m [[;1m[35m-Wtabs[0m[0m[;1m][0m[0m[;1m
    Tab character found here, and in 350 further locations.
    Please use spaces instead.[0m[0m
[;1m[34m   |[0m[0m
[;1m[34m19 |[0m[0m [;1m[35m        [0m[0m(
[;1m[34m   |[0m[0m[;1m[35m ^^^^^^^^[0m[0m
[0m[0m[0m
[;1mlib/Filesystem.hs:79:1: [;1m[35mwarning:[0m[0m[;1m [[;1m[35m-Wunused-imports[0m[0m[;1m][0m[0m[;1m
    The import of ‘when’ from module ‘Control.Monad’ is redundant[0m[0m
[;1m[34m   |[0m[0m
[;1m[34m79 |[0m[0m [;1m[35mimport           Control.Monad (forM_, unless, when)[0m[0m
[;1m[34m   |[0m[0m[;1m[35m ^^^^^^^^^^^^^^^^^^^^^^^^^^^^^^^^^^^^^^^^^^^^^^^^^^^^[0m[0m
[0m[0m[0m
[;1mlib/Filesystem.hs:924:1: [;1m[35mwarning:[0m[0m[;1m [[;1m[35m-Wunused-top-binds[0m[0m[;1m][0m[0m[;1m
    Defined but not used: ‘throwErrnoPathIfMinus1’[0m[0m
[;1m[34m    |[0m[0m
[;1m[34m924 |[0m[0m [;1m[35mthrowErrnoPathIfMinus1[0m[0m loc path = CError.throwErrnoPathIfMinus1 loc (encodeString path)
[;1m[34m    |[0m[0m[;1m[35m ^^^^^^^^^^^^^^^^^^^^^^[0m[0m
[0m[0m[0mInstalling library in /home/lukasz/.stack/snapshots/x86_64-linux/lts-11.15/8.2.2/lib/x86_64-linux-ghc-8.2.2/system-fileio-0.3.16.3-Fl5GZs2hcdw6p6mSNqw81G
Registering library for system-fileio-0.3.16.3..
